33<>!?!?!?<><>weewewewew<>2016年10月26日13時49分
33<>@-@<><>@-@-@-@-<>2016年10月26日13時34分
34<>^^<>mail<>高田健志って誰だよ<>2016年10月26日13時10分
34<>redirect<>dsdd<>dss<>2016年10月26日13時8分
34<>redirect<>aaa<>test<>2016年10月26日13時8分
34<>rarara<>aaaa<>aaaa<>2016年10月26日12時53分
30<>a<>a<>a<>2016年10月26日11時40分
33<>liiu<><>返信てすとーーー！！！！<br>！！！！<>2016年10月21日11時20分
31<>aaa<><>&lt;? echo &quot;aaa&quot;;  ?&gt;<>2016年10月21日11時5分
31<>mp0liiu<><>あかさたなはまやらわ<br>あかさたなはまやらわ<>2016年10月11日15時3分
0<>liiu<><>返信テスト<>2016年10月7日11時37分
29<>あああああ<><>PSGI, Plack<>2016年10月7日10時44分
1<>怠惰デース<><>怠惰あああああ<>2016年10月7日10時26分
29<>ds<>dsfs<>dsfdsds<>2016年10月6日12時48分
27<>das<>sad<>sadsad<>2016年10月6日12時45分
27<>fs<><>dsd<>2016年10月6日12時41分
26<>mp0liiu<><>qwerty<>2016年10月5日10時44分
26<>pop<>mial<>dskos<br>adsflka<br>spdk<>2016年10月4日15時2分
25<>uh<>fgh<>gfhcbv<>2016年9月30日14時55分
24<>fsd<>sfd<>fsdfs<>2016年9月30日14時46分
24<>fsd<>sfd<>fsdfs<>2016年9月30日14時46分
23<>aaa<>ddsa<>ほおく<>2016年9月30日14時41分
23<>＠＠＠＠＠<>＠＠＠＠<>＠＠＠＠＠＠＠＠＠＠<br>＠＠＠<br>＠<>2016年9月30日13時42分
23<>orpoer<>fdkldskj<>dsjkls<br>sdlkjslk<>2016年9月30日13時42分
22<>plackup<>mail<>dsjflkjs<>2016年9月30日11時44分
17<>リファクタリング<>!!!!!!!!!!<>!!!!!!!!!!!!<br>!!!!!!!!!!!!<>2016年9月30日11時31分
22<><><><>2016年9月30日11時30分
21<>返信ん<><>おdsflslk<>2016年9月30日11時29分
22<>変身<><>返信<>2016年9月30日11時29分
1<>liiu<><>返信テスト<>2016年9月30日11時28分
2<>dsfsdf<>dsffdsf<>dsfdsfdsf<>2016年9月30日11時27分
1<>effd<>dfd<>fdsfs<>2016年9月30日11時26分
1<>りーう<>hajk<>返信テスト<br>返信テスト<>2016年9月30日11時26分
1<>りーう<>hajk<>返信テスト<br>返信テスト<>2016年9月30日11時25分
1<>りーう<>hajk<>返信テスト<br>返信テスト<>2016年9月30日11時25分
1<>liiu<><>返信テスト<>2016年9月29日12時7分
1<>liiu<><>返信テスト<>2016年9月29日12時7分
