35<>redirect<>test<>test<>test&quot;!!!!!!<>2016年10月26日13時9分
34<>高田健志<><>高田健志最強<>https://twitter.com/kakaka1216?lang=ja<>2016年10月26日11時46分
33<>test<><>test<>&lt;?php print &quot;test&quot;; ?&gt;<>2016年10月21日11時6分
32<>あーうー<>あーうー<>あーうー<>&lt;a href=&quot;htp://www.oit.ac.jp&quot;&gt;あーうー&lt;/a&gt;<>2016年10月21日11時5分
31<>hop<><>step<>jump<>2016年10月7日11時1分
30<>投稿者<><>nil<>一度に表示されるのは5件まで<>2016年10月7日10時51分
29<>url_for<>yeah<>kjddslkjh<>lksaj<br>sadlkjsak<br>あ<>2016年10月6日12時47分
28<>url_for<>yeah<>kjddslkjh<>lksaj<br>sadlkjsak<br>あ<>2016年10月6日12時47分
27<>new<><>dskaljs<>手<>2016年10月6日12時37分
26<>武陵臨時<>mailto<>TITLE<>5@tataw@m@&#39;u<br><br>prt<>2016年9月30日16時14分
25<>/././<>ail<>new threa<>ada/.sd<br>as<>2016年9月30日14時55分
24<>new thread<>mail<>mail<>wjdalkjd<br>asjdklsaj<>2016年9月30日14時42分
23<>render<>html<>xhtml<>xml<>2016年9月30日13時30分
22<>*<>***<>**<>kaigoyu<br>改行<br>テスト<>2016年9月30日11時0分
21<>ddd<>ddd<>ddd<>sasasa<br><br>sd;l;laa<br><br>sa;ld<>2016年9月30日10時49分
20<>っっっっっっっ<>さあ<>あさs<>fdsf<br><br>paopoad<br><br>kdsa;lkda<>2016年9月30日10時49分
19<>投稿者<><>登校者<>投降者<>2016年9月30日10時46分
18<>ああああ<>mail<>aaa<>HTML::FillInForm<>2016年9月30日10時42分
17<>w<>w<>w<>w<>2016年9月30日10時42分
16<>++<>++<>+<>++++<br><br><>2016年9月30日10時35分
15<>++<>++<>+<>++++<br><br><>2016年9月30日10時33分
14<>++<>++<>+<>++++<br><br><>2016年9月30日10時31分
13<>++<>++<>+<>++++<br><br><>2016年9月30日10時31分
12<>++<>++<>+<>++++<br><br><>2016年9月30日10時30分
11<>++<>++<>+<>++++<br><br><>2016年9月30日10時24分
10<>++<>++<>+<>++++<br><br><>2016年9月30日10時23分
9<>++<>++<>+<>++++<br><br><>2016年9月30日10時19分
8<>++<>++<>+<>++++<br><br><>2016年9月30日10時18分
7<>++<>++<>+<>++++<br><br><>2016年9月30日10時18分
6<>++<>++<>+<>++++<br><br><>2016年9月30日10時15分
5<>++<>++<>+<>++++<br><br><>2016年9月30日10時13分
4<>++<>++<>+<>++++<br><br><>2016年9月30日10時13分
3<>self<><>return<>my $self = shift;<>2016年9月30日10時10分
2<>lol<>lolo<>lo<>oooiupoi<>2016年9月29日11時42分
1<>pop<>pop<>pop<>pop<>2016年9月29日11時42分
